0 info it worked if it ends with ok
1 verbose cli [ 'C:\\Program Files\\nodejs\\node.exe',
1 verbose cli   'C:\\Program Files\\nodejs\\node_modules\\npm\\bin\\npm-cli.js',
1 verbose cli   'install',
1 verbose cli   'node',
1 verbose cli   '8' ]
2 info using npm@3.10.10
3 info using node@v6.10.3
4 silly loadCurrentTree Starting
5 silly install loadCurrentTree
6 silly install readLocalPackageData
7 silly fetchPackageMetaData node
8 silly fetchPackageMetaData 8
9 silly fetchNamedPackageData node
10 silly mapToRegistry name node
11 silly mapToRegistry using default registry
12 silly mapToRegistry registry https://registry.npmjs.org/
13 silly mapToRegistry data Result {
13 silly mapToRegistry   raw: 'node',
13 silly mapToRegistry   scope: null,
13 silly mapToRegistry   escapedName: 'node',
13 silly mapToRegistry   name: 'node',
13 silly mapToRegistry   rawSpec: '',
13 silly mapToRegistry   spec: 'latest',
13 silly mapToRegistry   type: 'tag' }
14 silly mapToRegistry uri https://registry.npmjs.org/node
15 silly fetchNamedPackageData 8
16 silly mapToRegistry name 8
17 silly mapToRegistry using default registry
18 silly mapToRegistry registry https://registry.npmjs.org/
19 silly mapToRegistry data Result {
19 silly mapToRegistry   raw: '8',
19 silly mapToRegistry   scope: null,
19 silly mapToRegistry   escapedName: '8',
19 silly mapToRegistry   name: '8',
19 silly mapToRegistry   rawSpec: '',
19 silly mapToRegistry   spec: 'latest',
19 silly mapToRegistry   type: 'tag' }
20 silly mapToRegistry uri https://registry.npmjs.org/8
21 verbose request uri https://registry.npmjs.org/node
22 verbose request no auth needed
23 info attempt registry request try #1 at 10:00:13 PM
24 verbose request id d71de18a938734c1
25 http request GET https://registry.npmjs.org/node
26 verbose request uri https://registry.npmjs.org/8
27 verbose request no auth needed
28 info attempt registry request try #1 at 10:00:13 PM
29 http request GET https://registry.npmjs.org/8
30 http 200 https://registry.npmjs.org/8
31 verbose headers { server: 'nginx/1.10.1',
31 verbose headers   'content-type': 'application/json',
31 verbose headers   'last-modified': 'Mon, 12 May 2014 09:04:58 GMT',
31 verbose headers   etag: 'W/"53708eba-419"',
31 verbose headers   'content-encoding': 'gzip',
31 verbose headers   'cache-control': 'max-age=300',
31 verbose headers   'content-length': '500',
31 verbose headers   'accept-ranges': 'bytes',
31 verbose headers   date: 'Mon, 07 Aug 2017 02:00:12 GMT',
31 verbose headers   via: '1.1 varnish',
31 verbose headers   age: '0',
31 verbose headers   connection: 'keep-alive',
31 verbose headers   'x-served-by': 'cache-dca17724-DCA',
31 verbose headers   'x-cache': 'MISS',
31 verbose headers   'x-cache-hits': '0',
31 verbose headers   'x-timer': 'S1502071213.579430,VS0,VE96',
31 verbose headers   vary: 'Accept-Encoding, Accept' }
32 silly get cb [ 200,
32 silly get   { server: 'nginx/1.10.1',
32 silly get     'content-type': 'application/json',
32 silly get     'last-modified': 'Mon, 12 May 2014 09:04:58 GMT',
32 silly get     etag: 'W/"53708eba-419"',
32 silly get     'content-encoding': 'gzip',
32 silly get     'cache-control': 'max-age=300',
32 silly get     'content-length': '500',
32 silly get     'accept-ranges': 'bytes',
32 silly get     date: 'Mon, 07 Aug 2017 02:00:12 GMT',
32 silly get     via: '1.1 varnish',
32 silly get     age: '0',
32 silly get     connection: 'keep-alive',
32 silly get     'x-served-by': 'cache-dca17724-DCA',
32 silly get     'x-cache': 'MISS',
32 silly get     'x-cache-hits': '0',
32 silly get     'x-timer': 'S1502071213.579430,VS0,VE96',
32 silly get     vary: 'Accept-Encoding, Accept' } ]
33 verbose get saving 8 to C:\Users\stamm\AppData\Roaming\npm-cache\registry.npmjs.org\8\.cache.json
34 verbose correctMkdir C:\Users\stamm\AppData\Roaming\npm-cache correctMkdir not in flight; initializing
35 http 200 https://registry.npmjs.org/node
36 verbose headers { server: 'nginx/1.10.1',
36 verbose headers   'content-type': 'application/json',
36 verbose headers   'last-modified': 'Tue, 25 Jul 2017 03:37:56 GMT',
36 verbose headers   etag: 'W/"5976bd14-4df89"',
36 verbose headers   'content-encoding': 'gzip',
36 verbose headers   'cache-control': 'max-age=300',
36 verbose headers   'content-length': '51308',
36 verbose headers   'accept-ranges': 'bytes',
36 verbose headers   date: 'Mon, 07 Aug 2017 02:00:12 GMT',
36 verbose headers   via: '1.1 varnish',
36 verbose headers   age: '0',
36 verbose headers   connection: 'keep-alive',
36 verbose headers   'x-served-by': 'cache-dca17739-DCA',
36 verbose headers   'x-cache': 'MISS',
36 verbose headers   'x-cache-hits': '0',
36 verbose headers   'x-timer': 'S1502071213.585593,VS0,VE83',
36 verbose headers   vary: 'Accept-Encoding, Accept' }
37 silly get cb [ 200,
37 silly get   { server: 'nginx/1.10.1',
37 silly get     'content-type': 'application/json',
37 silly get     'last-modified': 'Tue, 25 Jul 2017 03:37:56 GMT',
37 silly get     etag: 'W/"5976bd14-4df89"',
37 silly get     'content-encoding': 'gzip',
37 silly get     'cache-control': 'max-age=300',
37 silly get     'content-length': '51308',
37 silly get     'accept-ranges': 'bytes',
37 silly get     date: 'Mon, 07 Aug 2017 02:00:12 GMT',
37 silly get     via: '1.1 varnish',
37 silly get     age: '0',
37 silly get     connection: 'keep-alive',
37 silly get     'x-served-by': 'cache-dca17739-DCA',
37 silly get     'x-cache': 'MISS',
37 silly get     'x-cache-hits': '0',
37 silly get     'x-timer': 'S1502071213.585593,VS0,VE83',
37 silly get     vary: 'Accept-Encoding, Accept' } ]
38 verbose get saving node to C:\Users\stamm\AppData\Roaming\npm-cache\registry.npmjs.org\node\.cache.json
39 verbose correctMkdir C:\Users\stamm\AppData\Roaming\npm-cache correctMkdir not in flight; initializing
40 silly install normalizeTree
41 silly loadCurrentTree Finishing
42 silly loadIdealTree Starting
43 silly install loadIdealTree
44 silly cloneCurrentTree Starting
45 silly install cloneCurrentTreeToIdealTree
46 silly cloneCurrentTree Finishing
47 silly loadShrinkwrap Starting
48 silly install loadShrinkwrap
49 silly loadShrinkwrap Finishing
50 silly loadAllDepsIntoIdealTree Starting
51 silly install loadAllDepsIntoIdealTree
52 silly resolveWithNewModule 8@0.0.1 checking installable status
53 silly cache add args [ '8', null ]
54 verbose cache add spec 8
55 silly resolveWithNewModule node@8.2.1 checking installable status
56 silly cache add args [ 'node', null ]
57 verbose cache add spec node
58 silly cache add parsed spec Result {
58 silly cache add   raw: '8',
58 silly cache add   scope: null,
58 silly cache add   escapedName: '8',
58 silly cache add   name: '8',
58 silly cache add   rawSpec: '',
58 silly cache add   spec: 'latest',
58 silly cache add   type: 'tag' }
59 silly addNamed 8@latest
60 verbose addNamed "latest" is being treated as a dist-tag for 8
61 info addNameTag [ '8', 'latest' ]
62 silly mapToRegistry name 8
63 silly mapToRegistry using default registry
64 silly mapToRegistry registry https://registry.npmjs.org/
65 silly mapToRegistry data Result {
65 silly mapToRegistry   raw: '8',
65 silly mapToRegistry   scope: null,
65 silly mapToRegistry   escapedName: '8',
65 silly mapToRegistry   name: '8',
65 silly mapToRegistry   rawSpec: '',
65 silly mapToRegistry   spec: 'latest',
65 silly mapToRegistry   type: 'tag' }
66 silly mapToRegistry uri https://registry.npmjs.org/8
67 verbose addNameTag registry:https://registry.npmjs.org/8 not in flight; fetching
68 silly cache add parsed spec Result {
68 silly cache add   raw: 'node',
68 silly cache add   scope: null,
68 silly cache add   escapedName: 'node',
68 silly cache add   name: 'node',
68 silly cache add   rawSpec: '',
68 silly cache add   spec: 'latest',
68 silly cache add   type: 'tag' }
69 silly addNamed node@latest
70 verbose addNamed "latest" is being treated as a dist-tag for node
71 info addNameTag [ 'node', 'latest' ]
72 silly mapToRegistry name node
73 silly mapToRegistry using default registry
74 silly mapToRegistry registry https://registry.npmjs.org/
75 silly mapToRegistry data Result {
75 silly mapToRegistry   raw: 'node',
75 silly mapToRegistry   scope: null,
75 silly mapToRegistry   escapedName: 'node',
75 silly mapToRegistry   name: 'node',
75 silly mapToRegistry   rawSpec: '',
75 silly mapToRegistry   spec: 'latest',
75 silly mapToRegistry   type: 'tag' }
76 silly mapToRegistry uri https://registry.npmjs.org/node
77 verbose addNameTag registry:https://registry.npmjs.org/node not in flight; fetching
78 verbose get https://registry.npmjs.org/8 not expired, no request
79 silly addNameTag next cb for 8 with tag latest
80 silly addNamed 8@0.0.1
81 verbose addNamed "0.0.1" is a plain semver version for 8
82 verbose get https://registry.npmjs.org/node not expired, no request
83 silly addNameTag next cb for node with tag latest
84 silly addNamed node@8.2.1
85 verbose addNamed "8.2.1" is a plain semver version for node
86 silly mapToRegistry name 8
87 silly mapToRegistry using default registry
88 silly mapToRegistry registry https://registry.npmjs.org/
89 silly mapToRegistry data Result {
89 silly mapToRegistry   raw: '8',
89 silly mapToRegistry   scope: null,
89 silly mapToRegistry   escapedName: '8',
89 silly mapToRegistry   name: '8',
89 silly mapToRegistry   rawSpec: '',
89 silly mapToRegistry   spec: 'latest',
89 silly mapToRegistry   type: 'tag' }
90 silly mapToRegistry uri https://registry.npmjs.org/8
91 verbose addRemoteTarball https://registry.npmjs.org/8/-/8-0.0.1.tgz not in flight; adding
92 verbose addRemoteTarball [ 'https://registry.npmjs.org/8/-/8-0.0.1.tgz',
92 verbose addRemoteTarball   '27d049aaac32267b9c7377b9472bf2df15b53e28' ]
93 silly mapToRegistry name node
94 silly mapToRegistry using default registry
95 silly mapToRegistry registry https://registry.npmjs.org/
96 silly mapToRegistry data Result {
96 silly mapToRegistry   raw: 'node',
96 silly mapToRegistry   scope: null,
96 silly mapToRegistry   escapedName: 'node',
96 silly mapToRegistry   name: 'node',
96 silly mapToRegistry   rawSpec: '',
96 silly mapToRegistry   spec: 'latest',
96 silly mapToRegistry   type: 'tag' }
97 silly mapToRegistry uri https://registry.npmjs.org/node
98 verbose addRemoteTarball https://registry.npmjs.org/node/-/node-8.2.1.tgz not in flight; adding
99 verbose addRemoteTarball [ 'https://registry.npmjs.org/node/-/node-8.2.1.tgz',
99 verbose addRemoteTarball   '860b3f57ef778177320f9b5da8171b6249fe4998' ]
100 info retry fetch attempt 1 at 10:00:13 PM
101 info attempt registry request try #1 at 10:00:13 PM
102 http fetch GET https://registry.npmjs.org/node/-/node-8.2.1.tgz
103 info retry fetch attempt 1 at 10:00:13 PM
104 info attempt registry request try #1 at 10:00:13 PM
105 http fetch GET https://registry.npmjs.org/8/-/8-0.0.1.tgz
106 http fetch 200 https://registry.npmjs.org/node/-/node-8.2.1.tgz
107 silly fetchAndShaCheck shasum 860b3f57ef778177320f9b5da8171b6249fe4998
108 verbose addTmpTarball C:\Users\stamm\AppData\Local\Temp\npm-7820-328077a3\registry.npmjs.org\node\-\node-8.2.1.tgz not in flight; adding
109 verbose addTmpTarball already have metadata; skipping unpack for node@8.2.1
110 verbose correctMkdir C:\Users\stamm\AppData\Roaming\npm-cache correctMkdir not in flight; initializing
111 silly cache afterAdd node@8.2.1
112 verbose afterAdd C:\Users\stamm\AppData\Roaming\npm-cache\node\8.2.1\package\package.json not in flight; writing
113 verbose correctMkdir C:\Users\stamm\AppData\Roaming\npm-cache correctMkdir not in flight; initializing
114 verbose afterAdd C:\Users\stamm\AppData\Roaming\npm-cache\node\8.2.1\package\package.json written
115 http fetch 200 https://registry.npmjs.org/8/-/8-0.0.1.tgz
116 silly fetchAndShaCheck shasum 27d049aaac32267b9c7377b9472bf2df15b53e28
117 verbose addTmpTarball C:\Users\stamm\AppData\Local\Temp\npm-7820-328077a3\registry.npmjs.org\8\-\8-0.0.1.tgz not in flight; adding
118 verbose addTmpTarball already have metadata; skipping unpack for 8@0.0.1
119 verbose correctMkdir C:\Users\stamm\AppData\Roaming\npm-cache correctMkdir not in flight; initializing
120 silly cache afterAdd 8@0.0.1
121 verbose afterAdd C:\Users\stamm\AppData\Roaming\npm-cache\8\0.0.1\package\package.json not in flight; writing
122 verbose correctMkdir C:\Users\stamm\AppData\Roaming\npm-cache correctMkdir not in flight; initializing
123 verbose afterAdd C:\Users\stamm\AppData\Roaming\npm-cache\8\0.0.1\package\package.json written
124 silly fetchNamedPackageData node-bin-setup
125 silly mapToRegistry name node-bin-setup
126 silly mapToRegistry using default registry
127 silly mapToRegistry registry https://registry.npmjs.org/
128 silly mapToRegistry data Result {
128 silly mapToRegistry   raw: 'node-bin-setup',
128 silly mapToRegistry   scope: null,
128 silly mapToRegistry   escapedName: 'node-bin-setup',
128 silly mapToRegistry   name: 'node-bin-setup',
128 silly mapToRegistry   rawSpec: '',
128 silly mapToRegistry   spec: 'latest',
128 silly mapToRegistry   type: 'tag' }
129 silly mapToRegistry uri https://registry.npmjs.org/node-bin-setup
130 verbose request uri https://registry.npmjs.org/node-bin-setup
131 verbose request no auth needed
132 info attempt registry request try #1 at 10:00:13 PM
133 http request GET https://registry.npmjs.org/node-bin-setup
134 http 200 https://registry.npmjs.org/node-bin-setup
135 verbose headers { server: 'nginx/1.10.1',
135 verbose headers   'content-type': 'application/json',
135 verbose headers   'last-modified': 'Tue, 25 Jul 2017 03:32:58 GMT',
135 verbose headers   etag: 'W/"5976bbea-1511"',
135 verbose headers   'content-encoding': 'gzip',
135 verbose headers   'cache-control': 'max-age=300',
135 verbose headers   'content-length': '1464',
135 verbose headers   'accept-ranges': 'bytes',
135 verbose headers   date: 'Mon, 07 Aug 2017 02:00:12 GMT',
135 verbose headers   via: '1.1 varnish',
135 verbose headers   age: '0',
135 verbose headers   connection: 'keep-alive',
135 verbose headers   'x-served-by': 'cache-dca17739-DCA',
135 verbose headers   'x-cache': 'MISS',
135 verbose headers   'x-cache-hits': '0',
135 verbose headers   'x-timer': 'S1502071213.917826,VS0,VE68',
135 verbose headers   vary: 'Accept-Encoding, Accept' }
136 silly get cb [ 200,
136 silly get   { server: 'nginx/1.10.1',
136 silly get     'content-type': 'application/json',
136 silly get     'last-modified': 'Tue, 25 Jul 2017 03:32:58 GMT',
136 silly get     etag: 'W/"5976bbea-1511"',
136 silly get     'content-encoding': 'gzip',
136 silly get     'cache-control': 'max-age=300',
136 silly get     'content-length': '1464',
136 silly get     'accept-ranges': 'bytes',
136 silly get     date: 'Mon, 07 Aug 2017 02:00:12 GMT',
136 silly get     via: '1.1 varnish',
136 silly get     age: '0',
136 silly get     connection: 'keep-alive',
136 silly get     'x-served-by': 'cache-dca17739-DCA',
136 silly get     'x-cache': 'MISS',
136 silly get     'x-cache-hits': '0',
136 silly get     'x-timer': 'S1502071213.917826,VS0,VE68',
136 silly get     vary: 'Accept-Encoding, Accept' } ]
137 verbose get saving node-bin-setup to C:\Users\stamm\AppData\Roaming\npm-cache\registry.npmjs.org\node-bin-setup\.cache.json
138 verbose correctMkdir C:\Users\stamm\AppData\Roaming\npm-cache correctMkdir not in flight; initializing
139 silly resolveWithNewModule node-bin-setup@1.0.6 checking installable status
140 silly cache add args [ 'node-bin-setup@^1.0.0', null ]
141 verbose cache add spec node-bin-setup@^1.0.0
142 silly cache add parsed spec Result {
142 silly cache add   raw: 'node-bin-setup@^1.0.0',
142 silly cache add   scope: null,
142 silly cache add   escapedName: 'node-bin-setup',
142 silly cache add   name: 'node-bin-setup',
142 silly cache add   rawSpec: '^1.0.0',
142 silly cache add   spec: '>=1.0.0 <2.0.0',
142 silly cache add   type: 'range' }
143 silly addNamed node-bin-setup@>=1.0.0 <2.0.0
144 verbose addNamed ">=1.0.0 <2.0.0" is a valid semver range for node-bin-setup
145 silly addNameRange { name: 'node-bin-setup',
145 silly addNameRange   range: '>=1.0.0 <2.0.0',
145 silly addNameRange   hasData: false }
146 silly mapToRegistry name node-bin-setup
147 silly mapToRegistry using default registry
148 silly mapToRegistry registry https://registry.npmjs.org/
149 silly mapToRegistry data Result {
149 silly mapToRegistry   raw: 'node-bin-setup',
149 silly mapToRegistry   scope: null,
149 silly mapToRegistry   escapedName: 'node-bin-setup',
149 silly mapToRegistry   name: 'node-bin-setup',
149 silly mapToRegistry   rawSpec: '',
149 silly mapToRegistry   spec: 'latest',
149 silly mapToRegistry   type: 'tag' }
150 silly mapToRegistry uri https://registry.npmjs.org/node-bin-setup
151 verbose addNameRange registry:https://registry.npmjs.org/node-bin-setup not in flight; fetching
152 verbose get https://registry.npmjs.org/node-bin-setup not expired, no request
153 silly addNameRange number 2 { name: 'node-bin-setup',
153 silly addNameRange   range: '>=1.0.0 <2.0.0',
153 silly addNameRange   hasData: true }
154 silly addNameRange versions [ 'node-bin-setup',
154 silly addNameRange   [ '1.0.0', '1.0.1', '1.0.2', '1.0.3', '1.0.4', '1.0.6' ] ]
155 silly addNamed node-bin-setup@1.0.6
156 verbose addNamed "1.0.6" is a plain semver version for node-bin-setup
157 silly mapToRegistry name node-bin-setup
158 silly mapToRegistry using default registry
159 silly mapToRegistry registry https://registry.npmjs.org/
160 silly mapToRegistry data Result {
160 silly mapToRegistry   raw: 'node-bin-setup',
160 silly mapToRegistry   scope: null,
160 silly mapToRegistry   escapedName: 'node-bin-setup',
160 silly mapToRegistry   name: 'node-bin-setup',
160 silly mapToRegistry   rawSpec: '',
160 silly mapToRegistry   spec: 'latest',
160 silly mapToRegistry   type: 'tag' }
161 silly mapToRegistry uri https://registry.npmjs.org/node-bin-setup
162 verbose addRemoteTarball https://registry.npmjs.org/node-bin-setup/-/node-bin-setup-1.0.6.tgz not in flight; adding
163 verbose addRemoteTarball [ 'https://registry.npmjs.org/node-bin-setup/-/node-bin-setup-1.0.6.tgz',
163 verbose addRemoteTarball   '4b5c9bb937ece702d7069b36ca78af4684677528' ]
164 info retry fetch attempt 1 at 10:00:14 PM
165 info attempt registry request try #1 at 10:00:14 PM
166 http fetch GET https://registry.npmjs.org/node-bin-setup/-/node-bin-setup-1.0.6.tgz
167 http fetch 200 https://registry.npmjs.org/node-bin-setup/-/node-bin-setup-1.0.6.tgz
168 silly fetchAndShaCheck shasum 4b5c9bb937ece702d7069b36ca78af4684677528
169 verbose addTmpTarball C:\Users\stamm\AppData\Local\Temp\npm-7820-328077a3\registry.npmjs.org\node-bin-setup\-\node-bin-setup-1.0.6.tgz not in flight; adding
170 verbose addTmpTarball already have metadata; skipping unpack for node-bin-setup@1.0.6
171 verbose correctMkdir C:\Users\stamm\AppData\Roaming\npm-cache correctMkdir not in flight; initializing
172 silly cache afterAdd node-bin-setup@1.0.6
173 verbose afterAdd C:\Users\stamm\AppData\Roaming\npm-cache\node-bin-setup\1.0.6\package\package.json not in flight; writing
174 verbose correctMkdir C:\Users\stamm\AppData\Roaming\npm-cache correctMkdir not in flight; initializing
175 verbose afterAdd C:\Users\stamm\AppData\Roaming\npm-cache\node-bin-setup\1.0.6\package\package.json written
176 silly loadAllDepsIntoIdealTree Finishing
177 silly loadIdealTree Finishing
178 silly currentTree node-web-server@1.0.0
178 silly currentTree +-- accepts@1.3.3
178 silly currentTree +-- align-text@0.1.4
178 silly currentTree +-- amdefine@1.0.1
178 silly currentTree +-- array-flatten@1.1.1
178 silly currentTree +-- async@1.5.2
178 silly currentTree +-- camelcase@1.2.1
178 silly currentTree +-- center-align@0.1.3
178 silly currentTree +-- cliui@2.1.0
178 silly currentTree | `-- wordwrap@0.0.2
178 silly currentTree +-- content-disposition@0.5.2
178 silly currentTree +-- content-type@1.0.2
178 silly currentTree +-- cookie-signature@1.0.6
178 silly currentTree +-- cookie@0.3.1
178 silly currentTree +-- debug@2.6.7
178 silly currentTree +-- decamelize@1.2.0
178 silly currentTree +-- depd@1.1.1
178 silly currentTree +-- destroy@1.0.4
178 silly currentTree +-- ee-first@1.1.1
178 silly currentTree +-- encodeurl@1.0.1
178 silly currentTree +-- escape-html@1.0.3
178 silly currentTree +-- etag@1.8.0
178 silly currentTree +-- express@4.15.3
178 silly currentTree +-- finalhandler@1.0.4
178 silly currentTree | `-- debug@2.6.8
178 silly currentTree +-- foreachasync@3.0.0
178 silly currentTree +-- forwarded@0.1.0
178 silly currentTree +-- fresh@0.5.0
178 silly currentTree +-- handlebars@4.0.5
178 silly currentTree +-- hbs@4.0.1
178 silly currentTree +-- http-errors@1.6.2
178 silly currentTree +-- inherits@2.0.3
178 silly currentTree +-- ipaddr.js@1.4.0
178 silly currentTree +-- is-buffer@1.1.5
178 silly currentTree +-- kind-of@3.2.2
178 silly currentTree +-- lazy-cache@1.0.4
178 silly currentTree +-- longest@1.0.1
178 silly currentTree +-- media-typer@0.3.0
178 silly currentTree +-- merge-descriptors@1.0.1
178 silly currentTree +-- methods@1.1.2
178 silly currentTree +-- mime-db@1.29.0
178 silly currentTree +-- mime-types@2.1.16
178 silly currentTree +-- mime@1.3.4
178 silly currentTree +-- minimist@0.0.10
178 silly currentTree +-- ms@2.0.0
178 silly currentTree +-- negotiator@0.6.1
178 silly currentTree +-- nvm@0.0.4
178 silly currentTree +-- on-finished@2.3.0
178 silly currentTree +-- optimist@0.6.1
178 silly currentTree +-- parseurl@1.3.1
178 silly currentTree +-- path-to-regexp@0.1.7
178 silly currentTree +-- proxy-addr@1.1.5
178 silly currentTree +-- qs@6.4.0
178 silly currentTree +-- range-parser@1.2.0
178 silly currentTree +-- repeat-string@1.6.1
178 silly currentTree +-- right-align@0.1.3
178 silly currentTree +-- send@0.15.3
178 silly currentTree +-- serve-static@1.12.3
178 silly currentTree +-- setprototypeof@1.0.3
178 silly currentTree +-- source-map@0.4.4
178 silly currentTree +-- statuses@1.3.1
178 silly currentTree +-- type-is@1.6.15
178 silly currentTree +-- uglify-js@2.8.29
178 silly currentTree | `-- source-map@0.5.6
178 silly currentTree +-- uglify-to-browserify@1.0.2
178 silly currentTree +-- unpipe@1.0.0
178 silly currentTree +-- utils-merge@1.0.0
178 silly currentTree +-- vary@1.1.1
178 silly currentTree +-- walk@2.3.9
178 silly currentTree +-- window-size@0.1.0
178 silly currentTree +-- wordwrap@0.0.3
178 silly currentTree `-- yargs@3.10.0
179 silly idealTree node-web-server@1.0.0
179 silly idealTree +-- 8@0.0.1
179 silly idealTree +-- accepts@1.3.3
179 silly idealTree +-- align-text@0.1.4
179 silly idealTree +-- amdefine@1.0.1
179 silly idealTree +-- array-flatten@1.1.1
179 silly idealTree +-- async@1.5.2
179 silly idealTree +-- camelcase@1.2.1
179 silly idealTree +-- center-align@0.1.3
179 silly idealTree +-- cliui@2.1.0
179 silly idealTree | `-- wordwrap@0.0.2
179 silly idealTree +-- content-disposition@0.5.2
179 silly idealTree +-- content-type@1.0.2
179 silly idealTree +-- cookie-signature@1.0.6
179 silly idealTree +-- cookie@0.3.1
179 silly idealTree +-- debug@2.6.7
179 silly idealTree +-- decamelize@1.2.0
179 silly idealTree +-- depd@1.1.1
179 silly idealTree +-- destroy@1.0.4
179 silly idealTree +-- ee-first@1.1.1
179 silly idealTree +-- encodeurl@1.0.1
179 silly idealTree +-- escape-html@1.0.3
179 silly idealTree +-- etag@1.8.0
179 silly idealTree +-- express@4.15.3
179 silly idealTree +-- finalhandler@1.0.4
179 silly idealTree | `-- debug@2.6.8
179 silly idealTree +-- foreachasync@3.0.0
179 silly idealTree +-- forwarded@0.1.0
179 silly idealTree +-- fresh@0.5.0
179 silly idealTree +-- handlebars@4.0.5
179 silly idealTree +-- hbs@4.0.1
179 silly idealTree +-- http-errors@1.6.2
179 silly idealTree +-- inherits@2.0.3
179 silly idealTree +-- ipaddr.js@1.4.0
179 silly idealTree +-- is-buffer@1.1.5
179 silly idealTree +-- kind-of@3.2.2
179 silly idealTree +-- lazy-cache@1.0.4
179 silly idealTree +-- longest@1.0.1
179 silly idealTree +-- media-typer@0.3.0
179 silly idealTree +-- merge-descriptors@1.0.1
179 silly idealTree +-- methods@1.1.2
179 silly idealTree +-- mime-db@1.29.0
179 silly idealTree +-- mime-types@2.1.16
179 silly idealTree +-- mime@1.3.4
179 silly idealTree +-- minimist@0.0.10
179 silly idealTree +-- ms@2.0.0
179 silly idealTree +-- negotiator@0.6.1
179 silly idealTree +-- node-bin-setup@1.0.6
179 silly idealTree +-- node@8.2.1
179 silly idealTree +-- nvm@0.0.4
179 silly idealTree +-- on-finished@2.3.0
179 silly idealTree +-- optimist@0.6.1
179 silly idealTree +-- parseurl@1.3.1
179 silly idealTree +-- path-to-regexp@0.1.7
179 silly idealTree +-- proxy-addr@1.1.5
179 silly idealTree +-- qs@6.4.0
179 silly idealTree +-- range-parser@1.2.0
179 silly idealTree +-- repeat-string@1.6.1
179 silly idealTree +-- right-align@0.1.3
179 silly idealTree +-- send@0.15.3
179 silly idealTree +-- serve-static@1.12.3
179 silly idealTree +-- setprototypeof@1.0.3
179 silly idealTree +-- source-map@0.4.4
179 silly idealTree +-- statuses@1.3.1
179 silly idealTree +-- type-is@1.6.15
179 silly idealTree +-- uglify-js@2.8.29
179 silly idealTree | `-- source-map@0.5.6
179 silly idealTree +-- uglify-to-browserify@1.0.2
179 silly idealTree +-- unpipe@1.0.0
179 silly idealTree +-- utils-merge@1.0.0
179 silly idealTree +-- vary@1.1.1
179 silly idealTree +-- walk@2.3.9
179 silly idealTree +-- window-size@0.1.0
179 silly idealTree +-- wordwrap@0.0.3
179 silly idealTree `-- yargs@3.10.0
180 silly generateActionsToTake Starting
181 silly install generateActionsToTake
182 silly generateActionsToTake Finishing
183 silly diffTrees action count 3
184 silly diffTrees add 8@0.0.1
185 silly diffTrees add node-bin-setup@1.0.6
186 silly diffTrees add node@8.2.1
187 silly decomposeActions action count 24
188 silly decomposeActions fetch 8@0.0.1
189 silly decomposeActions extract 8@0.0.1
190 silly decomposeActions test 8@0.0.1
191 silly decomposeActions preinstall 8@0.0.1
192 silly decomposeActions build 8@0.0.1
193 silly decomposeActions install 8@0.0.1
194 silly decomposeActions postinstall 8@0.0.1
195 silly decomposeActions finalize 8@0.0.1
196 silly decomposeActions fetch node-bin-setup@1.0.6
197 silly decomposeActions extract node-bin-setup@1.0.6
198 silly decomposeActions test node-bin-setup@1.0.6
199 silly decomposeActions preinstall node-bin-setup@1.0.6
200 silly decomposeActions build node-bin-setup@1.0.6
201 silly decomposeActions install node-bin-setup@1.0.6
202 silly decomposeActions postinstall node-bin-setup@1.0.6
203 silly decomposeActions finalize node-bin-setup@1.0.6
204 silly decomposeActions fetch node@8.2.1
205 silly decomposeActions extract node@8.2.1
206 silly decomposeActions test node@8.2.1
207 silly decomposeActions preinstall node@8.2.1
208 silly decomposeActions build node@8.2.1
209 silly decomposeActions install node@8.2.1
210 silly decomposeActions postinstall node@8.2.1
211 silly decomposeActions finalize node@8.2.1
212 silly runTopLevelLifecycles Starting
213 silly executeActions Starting
214 silly install executeActions
215 silly doSerial global-install 0
216 silly doParallel fetch 3
217 verbose correctMkdir C:\Users\stamm\AppData\Roaming\npm-cache\_locks correctMkdir not in flight; initializing
218 verbose lock using C:\Users\stamm\AppData\Roaming\npm-cache\_locks\staging-5648b3d41a4c387c.lock for C:\Users\stamm\Dropbox\Technology\Development\node\node-web-server\node_modules\.staging
219 silly doParallel extract 3
220 silly extract 8@0.0.1
221 silly extract node-bin-setup@1.0.6
222 silly extract node@8.2.1
223 verbose unbuild node_modules\.staging\8-36000052
224 verbose unbuild node_modules\.staging\node-bin-setup-05fa0145
225 verbose unbuild node_modules\.staging\node-7a75e058
226 silly gentlyRm C:\Users\stamm\Dropbox\Technology\Development\node\node-web-server\node_modules\.staging\8-36000052 is being purged from base C:\Users\stamm\Dropbox\Technology\Development\node\node-web-server
227 verbose gentlyRm don't care about contents; nuking C:\Users\stamm\Dropbox\Technology\Development\node\node-web-server\node_modules\.staging\8-36000052
228 silly gentlyRm C:\Users\stamm\Dropbox\Technology\Development\node\node-web-server\node_modules\.staging\node-bin-setup-05fa0145 is being purged from base C:\Users\stamm\Dropbox\Technology\Development\node\node-web-server
229 verbose gentlyRm don't care about contents; nuking C:\Users\stamm\Dropbox\Technology\Development\node\node-web-server\node_modules\.staging\node-bin-setup-05fa0145
230 silly gentlyRm C:\Users\stamm\Dropbox\Technology\Development\node\node-web-server\node_modules\.staging\node-7a75e058 is being purged from base C:\Users\stamm\Dropbox\Technology\Development\node\node-web-server
231 verbose gentlyRm don't care about contents; nuking C:\Users\stamm\Dropbox\Technology\Development\node\node-web-server\node_modules\.staging\node-7a75e058
232 verbose tar unpack C:\Users\stamm\AppData\Roaming\npm-cache\8\0.0.1\package.tgz
233 verbose tar unpacking to C:\Users\stamm\Dropbox\Technology\Development\node\node-web-server\node_modules\.staging\8-36000052
234 silly gentlyRm C:\Users\stamm\Dropbox\Technology\Development\node\node-web-server\node_modules\.staging\8-36000052 is being purged
235 verbose gentlyRm don't care about contents; nuking C:\Users\stamm\Dropbox\Technology\Development\node\node-web-server\node_modules\.staging\8-36000052
236 verbose tar unpack C:\Users\stamm\AppData\Roaming\npm-cache\node-bin-setup\1.0.6\package.tgz
237 verbose tar unpacking to C:\Users\stamm\Dropbox\Technology\Development\node\node-web-server\node_modules\.staging\node-bin-setup-05fa0145
238 silly gentlyRm C:\Users\stamm\Dropbox\Technology\Development\node\node-web-server\node_modules\.staging\node-bin-setup-05fa0145 is being purged
239 verbose gentlyRm don't care about contents; nuking C:\Users\stamm\Dropbox\Technology\Development\node\node-web-server\node_modules\.staging\node-bin-setup-05fa0145
240 verbose tar unpack C:\Users\stamm\AppData\Roaming\npm-cache\node\8.2.1\package.tgz
241 verbose tar unpacking to C:\Users\stamm\Dropbox\Technology\Development\node\node-web-server\node_modules\.staging\node-7a75e058
242 silly gentlyRm C:\Users\stamm\Dropbox\Technology\Development\node\node-web-server\node_modules\.staging\node-7a75e058 is being purged
243 verbose gentlyRm don't care about contents; nuking C:\Users\stamm\Dropbox\Technology\Development\node\node-web-server\node_modules\.staging\node-7a75e058
244 silly gunzTarPerm modes [ '777', '666' ]
245 silly gunzTarPerm modes [ '777', '666' ]
246 silly gunzTarPerm modes [ '777', '666' ]
247 silly gunzTarPerm extractEntry package.json
248 silly gunzTarPerm modified mode [ 'package.json', 420, 438 ]
249 silly gunzTarPerm extractEntry package.json
250 silly gunzTarPerm modified mode [ 'package.json', 420, 438 ]
251 silly gunzTarPerm extractEntry package.json
252 silly gunzTarPerm extractEntry index.js
253 silly gunzTarPerm modified mode [ 'index.js', 420, 438 ]
254 silly gunzTarPerm extractEntry README.md
255 silly gunzTarPerm modified mode [ 'README.md', 420, 438 ]
256 silly gunzTarPerm extractEntry installArchSpecificPackage.js
257 silly gunzTarPerm modified mode [ 'installArchSpecificPackage.js', 420, 438 ]
258 silly gunzTarPerm extractEntry server.js
259 silly gentlyRm C:\Users\stamm\Dropbox\Technology\Development\node\node-web-server\node_modules\.staging\8-36000052\node_modules is being purged
260 verbose gentlyRm don't care about contents; nuking C:\Users\stamm\Dropbox\Technology\Development\node\node-web-server\node_modules\.staging\8-36000052\node_modules
261 silly gentlyRm C:\Users\stamm\Dropbox\Technology\Development\node\node-web-server\node_modules\.staging\node-bin-setup-05fa0145\node_modules is being purged
262 verbose gentlyRm don't care about contents; nuking C:\Users\stamm\Dropbox\Technology\Development\node\node-web-server\node_modules\.staging\node-bin-setup-05fa0145\node_modules
263 silly gentlyRm C:\Users\stamm\Dropbox\Technology\Development\node\node-web-server\node_modules\.staging\node-7a75e058\node_modules is being purged
264 verbose gentlyRm don't care about contents; nuking C:\Users\stamm\Dropbox\Technology\Development\node\node-web-server\node_modules\.staging\node-7a75e058\node_modules
265 silly doParallel preinstall 3
266 silly preinstall 8@0.0.1 C:\Users\stamm\Dropbox\Technology\Development\node\node-web-server\node_modules\.staging\8-36000052
267 info lifecycle 8@0.0.1~preinstall: 8@0.0.1
268 silly preinstall node-bin-setup@1.0.6 C:\Users\stamm\Dropbox\Technology\Development\node\node-web-server\node_modules\.staging\node-bin-setup-05fa0145
269 info lifecycle node-bin-setup@1.0.6~preinstall: node-bin-setup@1.0.6
270 silly preinstall node@8.2.1 C:\Users\stamm\Dropbox\Technology\Development\node\node-web-server\node_modules\.staging\node-7a75e058
271 info lifecycle node@8.2.1~preinstall: node@8.2.1
272 silly lifecycle 8@0.0.1~preinstall: no script for preinstall, continuing
273 silly lifecycle node-bin-setup@1.0.6~preinstall: no script for preinstall, continuing
274 verbose lifecycle node@8.2.1~preinstall: unsafe-perm in lifecycle true
275 verbose lifecycle node@8.2.1~preinstall: PATH: C:\Program Files\nodejs\node_modules\npm\bin\node-gyp-bin;C:\Users\stamm\Dropbox\Technology\Development\node\node-web-server\node_modules\.staging\node-7a75e058\node_modules\.bin;C:\Users\stamm\Dropbox\Technology\Development\node\node-web-server\node_modules\.bin;C:\Program Files\Git\mingw64\bin;C:\Program Files\Git\usr\bin;C:\Users\stamm\bin;C:\ProgramData\Oracle\Java\javapath;C:\Program Files (x86)\Razer Chroma SDK\bin;C:\Program Files\Razer Chroma SDK\bin;C:\WINDOWS\system32;C:\WINDOWS;C:\WINDOWS\System32\Wbem;C:\WINDOWS\System32\WindowsPowerShell\v1.0;C:\WINDOWS\system32\config\systemprofile\AppData\Local\Microsoft\WindowsApps;C:\Program Files (x86)\Skype\Phone;C:\Program Files (x86)\NVIDIA Corporation\PhysX\Common;C:\Program Files\Git\cmd;C:\Program Files\nodejs;C:\WINDOWS\system32;C:\WINDOWS;C:\WINDOWS\System32\Wbem;C:\WINDOWS\System32\WindowsPowerShell\v1.0;C:\Program Files (x86)\Windows Kits\8.1\Windows Performance Toolkit;C:\Users\stamm\AppData\Local\Microsoft\WindowsApps;C:\Program Files (x86)\Microsoft VS Code\bin;C:\Users\stamm\AppData\Roaming\npm
276 verbose lifecycle node@8.2.1~preinstall: CWD: C:\Users\stamm\Dropbox\Technology\Development\node\node-web-server\node_modules\.staging\node-7a75e058
277 silly lifecycle node@8.2.1~preinstall: Args: [ '/d /s /c', 'node installArchSpecificPackage' ]
278 silly lifecycle node@8.2.1~preinstall: Returned: code: 1  signal: null
279 info lifecycle node@8.2.1~preinstall: Failed to exec preinstall script
280 verbose unlock done using C:\Users\stamm\AppData\Roaming\npm-cache\_locks\staging-5648b3d41a4c387c.lock for C:\Users\stamm\Dropbox\Technology\Development\node\node-web-server\node_modules\.staging
281 silly rollbackFailedOptional Starting
282 silly rollbackFailedOptional Finishing
283 silly runTopLevelLifecycles Finishing
284 silly install printInstalled
285 warn node-web-server@1.0.0 No description
286 verbose If you need help, you may report this error at:
286 verbose     <https://github.com/npm/npm/issues>
287 warn node-web-server@1.0.0 No repository field.
288 verbose If you need help, you may report this error at:
288 verbose     <https://github.com/npm/npm/issues>
289 verbose stack Error: node@8.2.1 preinstall: `node installArchSpecificPackage`
289 verbose stack Exit status 1
289 verbose stack     at EventEmitter.<anonymous> (C:\Program Files\nodejs\node_modules\npm\lib\utils\lifecycle.js:255:16)
289 verbose stack     at emitTwo (events.js:106:13)
289 verbose stack     at EventEmitter.emit (events.js:191:7)
289 verbose stack     at ChildProcess.<anonymous> (C:\Program Files\nodejs\node_modules\npm\lib\utils\spawn.js:40:14)
289 verbose stack     at emitTwo (events.js:106:13)
289 verbose stack     at ChildProcess.emit (events.js:191:7)
289 verbose stack     at maybeClose (internal/child_process.js:886:16)
289 verbose stack     at Process.ChildProcess._handle.onexit (internal/child_process.js:226:5)
290 verbose pkgid node@8.2.1
291 verbose cwd C:\Users\stamm\Dropbox\Technology\Development\node\node-web-server
292 error Windows_NT 10.0.15063
293 error argv "C:\\Program Files\\nodejs\\node.exe" "C:\\Program Files\\nodejs\\node_modules\\npm\\bin\\npm-cli.js" "install" "node" "8"
294 error node v6.10.3
295 error npm  v3.10.10
296 error code ELIFECYCLE
297 error node@8.2.1 preinstall: `node installArchSpecificPackage`
297 error Exit status 1
298 error Failed at the node@8.2.1 preinstall script 'node installArchSpecificPackage'.
298 error Make sure you have the latest version of node.js and npm installed.
298 error If you do, this is most likely a problem with the node package,
298 error not with npm itself.
298 error Tell the author that this fails on your system:
298 error     node installArchSpecificPackage
298 error You can get information on how to open an issue for this project with:
298 error     npm bugs node
298 error Or if that isn't available, you can get their info via:
298 error     npm owner ls node
298 error There is likely additional logging output above.
299 verbose exit [ 1, true ]
